2021-08-11 00:28:15,803 WARNING   * Debugger is active!
2021-08-11 00:28:15,804 INFO      * Debugger PIN: 181-741-495
2021-08-11 00:28:20,049 DEBUG    Starting new HTTPS connection (1): geocode-maps.yandex.ru:443
2021-08-11 00:28:21,330 DEBUG    https://geocode-maps.yandex.ru:443 "GET /1.x/?format=json&apikey=43c7e76d-3153-490e-b25f-72f105c21c74&geocode=Ulitsa+Narodnogo+Opolcheniya%2C+15%2C+Krasnogorsk%2C+Moscow+Oblast%2C+Rusia%2C+143403 HTTP/1.1" 200 None
2021-08-11 00:28:21,334 INFO      Google Maps link, https://www.google.com.ec/maps/dir/55.789542,37.372943/55.831175,37.310717/@55.789542,37.372943,11z/
2021-08-11 00:28:21,334 INFO     ··································································
2021-08-11 00:28:21,335 INFO     127.0.0.1 - - [11/Aug/2021 00:28:21] "GET /getDistanceFromMoscou/Ulitsa%20Narodnogo%20Opolcheniya,%2015,%20Krasnogorsk,%20Moscow%20Oblast,%20Rusia,%20143403/ HTTP/1.1" 200 -
2021-08-11 00:28:50,161 DEBUG    Starting new HTTPS connection (1): geocode-maps.yandex.ru:443
2021-08-11 00:28:51,182 DEBUG    https://geocode-maps.yandex.ru:443 "GET /1.x/?format=json&apikey=43c7e76d-3153-490e-b25f-72f105c21c74&geocode=Ulitsa+Narodnogo+Opolcheniya%2C+15%2C+Krasnogorsk%2C+Moscow+Oblast%2C+Rusia%2C+143403 HTTP/1.1" 200 None
2021-08-11 00:28:51,187 INFO      Google Maps link, https://www.google.com.ec/maps/dir/55.789542,37.372943/55.831175,37.310717/@55.789542,37.372943,11z/
2021-08-11 00:28:51,187 INFO     ··································································
2021-08-11 00:28:51,188 INFO     127.0.0.1 - - [11/Aug/2021 00:28:51] "GET /getDistanceFromMoscou/Ulitsa%20Narodnogo%20Opolcheniya,%2015,%20Krasnogorsk,%20Moscow%20Oblast,%20Rusia,%20143403/ HTTP/1.1" 200 -
2021-08-11 00:29:13,874 DEBUG    Starting new HTTPS connection (1): geocode-maps.yandex.ru:443
2021-08-11 00:29:14,935 DEBUG    https://geocode-maps.yandex.ru:443 "GET /1.x/?format=json&apikey=43c7e76d-3153-490e-b25f-72f105c21c74&geocode=1 HTTP/1.1" 200 148
2021-08-11 00:29:14,947 INFO     127.0.0.1 - - [11/Aug/2021 00:29:14] "[35m[1mGET /getDistanceFromMoscou/1/ HTTP/1.1[0m" 500 -
2021-08-11 00:29:15,084 INFO     127.0.0.1 - - [11/Aug/2021 00:29:15] "GET /getDistanceFromMoscou/1/?__debugger__=yes&cmd=resource&f=style.css HTTP/1.1" 200 -
2021-08-11 00:29:15,086 INFO     127.0.0.1 - - [11/Aug/2021 00:29:15] "GET /getDistanceFromMoscou/1/?__debugger__=yes&cmd=resource&f=debugger.js HTTP/1.1" 200 -
2021-08-11 00:29:15,145 INFO     127.0.0.1 - - [11/Aug/2021 00:29:15] "GET /getDistanceFromMoscou/1/?__debugger__=yes&cmd=resource&f=console.png HTTP/1.1" 200 -
2021-08-11 00:30:58,804 INFO      * Detected change in '/home/b4n1/get_distance_from_geo_yandex_api_using_flask/apps/geo_routes.py', reloading
2021-08-11 00:30:59,181 WARNING   * Debugger is active!
2021-08-11 00:30:59,181 INFO      * Debugger PIN: 181-741-495
2021-08-11 00:31:00,783 INFO      * Detected change in '/home/b4n1/get_distance_from_geo_yandex_api_using_flask/apps/geo_routes.py', reloading
2021-08-11 00:31:01,250 WARNING   * Debugger is active!
2021-08-11 00:31:01,251 INFO      * Debugger PIN: 181-741-495
2021-08-11 00:31:02,901 INFO      * Detected change in '/home/b4n1/get_distance_from_geo_yandex_api_using_flask/apps/geo_routes.py', reloading
2021-08-11 00:31:03,257 WARNING   * Debugger is active!
2021-08-11 00:31:03,258 INFO      * Debugger PIN: 181-741-495
2021-08-11 00:31:04,880 INFO      * Detected change in '/home/b4n1/get_distance_from_geo_yandex_api_using_flask/apps/geo_routes.py', reloading
2021-08-11 00:31:05,331 WARNING   * Debugger is active!
2021-08-11 00:31:05,332 INFO      * Debugger PIN: 181-741-495
2021-08-11 00:31:07,506 DEBUG    Starting new HTTPS connection (1): geocode-maps.yandex.ru:443
2021-08-11 00:31:08,756 DEBUG    https://geocode-maps.yandex.ru:443 "GET /1.x/?format=json&apikey=43c7e76d-3153-490e-b25f-72f105c21c74&geocode=1 HTTP/1.1" 200 148
2021-08-11 00:31:08,760 INFO     127.0.0.1 - - [11/Aug/2021 00:31:08] "GET /getDistanceFromMoscou/1/ HTTP/1.1" 200 -
2021-08-11 00:31:16,941 DEBUG    Starting new HTTPS connection (1): geocode-maps.yandex.ru:443
2021-08-11 00:31:18,215 DEBUG    https://geocode-maps.yandex.ru:443 "GET /1.x/?format=json&apikey=43c7e76d-3153-490e-b25f-72f105c21c74&geocode=1+asdasdasd HTTP/1.1" 200 158
2021-08-11 00:31:18,218 INFO     127.0.0.1 - - [11/Aug/2021 00:31:18] "GET /getDistanceFromMoscou/1%20asdasdasd/ HTTP/1.1" 200 -
2021-08-11 00:33:56,204 INFO      * Detected change in '/home/b4n1/get_distance_from_geo_yandex_api_using_flask/apps/geo_routes.py', reloading
2021-08-11 00:33:57,167 WARNING   * Debugger is active!
2021-08-11 00:33:57,168 INFO      * Debugger PIN: 181-741-495
2021-08-11 00:33:58,743 INFO      * Detected change in '/home/b4n1/get_distance_from_geo_yandex_api_using_flask/apps/geo_routes.py', reloading
2021-08-11 00:33:59,124 WARNING   * Debugger is active!
2021-08-11 00:33:59,125 INFO      * Debugger PIN: 181-741-495
2021-08-11 00:33:59,438 DEBUG    Starting new HTTPS connection (1): geocode-maps.yandex.ru:443
2021-08-11 00:34:00,452 DEBUG    https://geocode-maps.yandex.ru:443 "GET /1.x/?format=json&apikey=43c7e76d-3153-490e-b25f-72f105c21c74&geocode=1+asdasdasd HTTP/1.1" 200 158
2021-08-11 00:34:00,455 INFO     127.0.0.1 - - [11/Aug/2021 00:34:00] "GET /getDistanceFromMoscou/1%20asdasdasd/ HTTP/1.1" 200 -
2021-08-11 00:34:08,394 DEBUG    Starting new HTTPS connection (1): geocode-maps.yandex.ru:443
2021-08-11 00:34:09,339 DEBUG    https://geocode-maps.yandex.ru:443 "GET /1.x/?format=json&apikey=43c7e76d-3153-490e-b25f-72f105c21c74&geocode=calle+ramon+osorio HTTP/1.1" 200 None
2021-08-11 00:34:09,346 INFO      Google Maps link, https://www.google.com.ec/maps/dir/55.660424,37.434424/-29.879889,-50.298191/@55.660424,37.434424,11z/
2021-08-11 00:34:09,346 INFO     ··································································
2021-08-11 00:34:09,347 INFO     127.0.0.1 - - [11/Aug/2021 00:34:09] "GET /getDistanceFromMoscou/calle%20ramon%20osorio/ HTTP/1.1" 200 -
2021-08-11 00:34:33,763 DEBUG    Starting new HTTPS connection (1): geocode-maps.yandex.ru:443
2021-08-11 00:34:34,945 DEBUG    https://geocode-maps.yandex.ru:443 "GET /1.x/?format=json&apikey=43c7e76d-3153-490e-b25f-72f105c21c74&geocode=calle+ramon+osorio HTTP/1.1" 200 None
2021-08-11 00:34:34,955 INFO      Google Maps link, https://www.google.com.ec/maps/dir/55.660424,37.434424/-29.879889,-50.298191/@55.660424,37.434424,11z/
2021-08-11 00:34:34,956 INFO     ··································································
2021-08-11 00:34:34,957 INFO     127.0.0.1 - - [11/Aug/2021 00:34:34] "GET /getDistanceFromMoscou/calle%20ramon%20osorio/ HTTP/1.1" 200 -
2021-08-11 00:34:40,105 DEBUG    Starting new HTTPS connection (1): geocode-maps.yandex.ru:443
2021-08-11 00:34:41,360 DEBUG    https://geocode-maps.yandex.ru:443 "GET /1.x/?format=json&apikey=43c7e76d-3153-490e-b25f-72f105c21c74&geocode=calle+ramon+osorio+oton+de+velez HTTP/1.1" 200 None
2021-08-11 00:34:41,366 INFO      Google Maps link, https://www.google.com.ec/maps/dir/55.718273,37.383283/35.171945,-4.298915/@55.718273,37.383283,11z/
2021-08-11 00:34:41,366 INFO     ··································································
2021-08-11 00:34:41,366 INFO     127.0.0.1 - - [11/Aug/2021 00:34:41] "GET /getDistanceFromMoscou/calle%20ramon%20osorio%20oton%20de%20velez/ HTTP/1.1" 200 -
2021-08-11 00:35:01,900 INFO      * Detected change in '/home/b4n1/get_distance_from_geo_yandex_api_using_flask/apps/geo_routes.py', reloading
2021-08-11 00:35:02,292 WARNING   * Debugger is active!
2021-08-11 00:35:02,293 INFO      * Debugger PIN: 181-741-495
2021-08-11 00:35:03,920 INFO      * Detected change in '/home/b4n1/get_distance_from_geo_yandex_api_using_flask/apps/geo_routes.py', reloading
2021-08-11 00:35:04,305 WARNING   * Debugger is active!
2021-08-11 00:35:04,306 INFO      * Debugger PIN: 181-741-495
2021-08-11 00:35:09,967 DEBUG    Starting new HTTPS connection (1): geocode-maps.yandex.ru:443
2021-08-11 00:35:11,041 DEBUG    https://geocode-maps.yandex.ru:443 "GET /1.x/?format=json&apikey=43c7e76d-3153-490e-b25f-72f105c21c74&geocode=calle+ramon+osorio+oton+de+velez HTTP/1.1" 200 None
2021-08-11 00:35:11,046 INFO      Google Maps link, https://www.google.com.ec/maps/dir/55.718273,37.383283/35.171945,-4.298915/@55.718273,37.383283,11z/
2021-08-11 00:35:11,047 INFO     ··································································
2021-08-11 00:35:11,048 INFO     127.0.0.1 - - [11/Aug/2021 00:35:11] "GET /getDistanceFromMoscou/calle%20ramon%20osorio%20oton%20de%20velez/ HTTP/1.1" 200 -
2021-08-11 00:35:22,443 DEBUG    Starting new HTTPS connection (1): geocode-maps.yandex.ru:443
2021-08-11 00:35:23,818 DEBUG    https://geocode-maps.yandex.ru:443 "GET /1.x/?format=json&apikey=43c7e76d-3153-490e-b25f-72f105c21c74&geocode=av.+amazonas+y+naciones+unidas HTTP/1.1" 200 None
2021-08-11 00:35:23,824 INFO      Google Maps link, https://www.google.com.ec/maps/dir/55.744789,37.370248/40.318854,-3.658317/@55.744789,37.370248,11z/
2021-08-11 00:35:23,825 INFO     ··································································
2021-08-11 00:35:23,826 INFO     127.0.0.1 - - [11/Aug/2021 00:35:23] "GET /getDistanceFromMoscou/av.%20amazonas%20y%20naciones%20unidas/ HTTP/1.1" 200 -
2021-08-11 00:36:12,272 DEBUG    Starting new HTTPS connection (1): geocode-maps.yandex.ru:443
2021-08-11 00:36:13,817 DEBUG    https://geocode-maps.yandex.ru:443 "GET /1.x/?format=json&apikey=43c7e76d-3153-490e-b25f-72f105c21c74&geocode=E22%2C+Moskva%2C+Rusia%2C+121500 HTTP/1.1" 200 1072
2021-08-11 00:36:13,823 INFO     127.0.0.1 - - [11/Aug/2021 00:36:13] "GET /getDistanceFromMoscou/E22,%20Moskva,%20Rusia,%20121500/ HTTP/1.1" 200 -
2021-08-11 00:36:24,466 DEBUG    Starting new HTTPS connection (1): geocode-maps.yandex.ru:443
2021-08-11 00:36:25,812 DEBUG    https://geocode-maps.yandex.ru:443 "GET /1.x/?format=json&apikey=43c7e76d-3153-490e-b25f-72f105c21c74&geocode=Ulitsa+Narodnogo+Opolcheniya%2C+15%2C+Krasnogorsk%2C+Moskovskaya+oblast%27%2C+Rusia%2C+143403 HTTP/1.1" 200 None
2021-08-11 00:36:25,818 INFO      Google Maps link, https://www.google.com.ec/maps/dir/55.789542,37.372943/55.831175,37.310717/@55.789542,37.372943,11z/
2021-08-11 00:36:25,820 INFO     ··································································
2021-08-11 00:36:25,821 INFO     127.0.0.1 - - [11/Aug/2021 00:36:25] "GET /getDistanceFromMoscou/Ulitsa%20Narodnogo%20Opolcheniya,%2015,%20Krasnogorsk,%20Moskovskaya%20oblast',%20Rusia,%20143403/ HTTP/1.1" 200 -
2021-08-11 00:36:38,805 INFO      * Running on http://127.0.0.1:5000/ (Press CTRL+C to quit)
2021-08-11 00:36:38,807 INFO      * Restarting with stat
2021-08-11 00:36:39,226 WARNING   * Debugger is active!
2021-08-11 00:36:39,226 INFO      * Debugger PIN: 181-741-495
2021-08-11 00:36:43,693 DEBUG    Starting new HTTPS connection (1): geocode-maps.yandex.ru:443
2021-08-11 00:36:44,928 DEBUG    https://geocode-maps.yandex.ru:443 "GET /1.x/?format=json&apikey=43c7e76d-3153-490e-b25f-72f105c21c74&geocode=Ulitsa+Narodnogo+Opolcheniya%2C+15%2C+Krasnogorsk%2C+Moskovskaya+oblast%27%2C+Rusia%2C+143403 HTTP/1.1" 200 None
2021-08-11 00:36:44,934 INFO      Google Maps link, https://www.google.com.ec/maps/dir/55.789542,37.372943/55.831175,37.310717/@55.789542,37.372943,11z/
2021-08-11 00:36:44,934 INFO     ··································································
2021-08-11 00:36:44,936 INFO     127.0.0.1 - - [11/Aug/2021 00:36:44] "GET /getDistanceFromMoscou/Ulitsa%20Narodnogo%20Opolcheniya,%2015,%20Krasnogorsk,%20Moskovskaya%20oblast',%20Rusia,%20143403/ HTTP/1.1" 200 -
2021-08-11 00:37:17,365 INFO      * Running on http://127.0.0.1:5000/ (Press CTRL+C to quit)
2021-08-11 00:37:17,462 INFO      * Restarting with stat
2021-08-11 00:37:17,938 WARNING   * Debugger is active!
2021-08-11 00:37:17,938 INFO      * Debugger PIN: 181-741-495
2021-08-11 00:38:11,407 DEBUG    Starting new HTTPS connection (1): geocode-maps.yandex.ru:443
2021-08-11 00:38:13,929 DEBUG    https://geocode-maps.yandex.ru:443 "GET /1.x/?format=json&apikey=43c7e76d-3153-490e-b25f-72f105c21c74&geocode=Ulitsa+Narodnogo+Opolcheniya%2C+15%2C+Krasnogorsk%2C+Moskovskaya+oblast%27%2C+Rusia%2C+143403 HTTP/1.1" 200 None
2021-08-11 00:38:14,365 INFO      Google Maps link, https://www.google.com.ec/maps/dir/55.789542,37.372943/55.831175,37.310717/@55.789542,37.372943,11z/
2021-08-11 00:38:14,365 INFO     ··································································
2021-08-11 00:38:14,366 INFO     127.0.0.1 - - [11/Aug/2021 00:38:14] "GET /getDistanceFromMoscou/Ulitsa%20Narodnogo%20Opolcheniya,%2015,%20Krasnogorsk,%20Moskovskaya%20oblast',%20Rusia,%20143403/ HTTP/1.1" 200 -
2021-08-11 00:38:33,974 DEBUG    Starting new HTTPS connection (1): geocode-maps.yandex.ru:443
2021-08-11 00:38:35,052 DEBUG    https://geocode-maps.yandex.ru:443 "GET /1.x/?format=json&apikey=43c7e76d-3153-490e-b25f-72f105c21c74&geocode=hola+Ulitsa+Narodnogo+Opolcheniya%2C+15%2C+Krasnogorsk%2C+Moskovskaya+oblast%27%2C+Rusia%2C+143403 HTTP/1.1" 200 None
2021-08-11 00:38:35,056 INFO      Google Maps link, https://www.google.com.ec/maps/dir/55.789542,37.372943/55.831175,37.310717/@55.789542,37.372943,11z/
2021-08-11 00:38:35,056 INFO     ··································································
2021-08-11 00:38:35,057 INFO     127.0.0.1 - - [11/Aug/2021 00:38:35] "GET /getDistanceFromMoscou/hola%20Ulitsa%20Narodnogo%20Opolcheniya,%2015,%20Krasnogorsk,%20Moskovskaya%20oblast',%20Rusia,%20143403/ HTTP/1.1" 200 -
2021-08-11 00:39:58,191 DEBUG    Starting new HTTPS connection (1): geocode-maps.yandex.ru:443
2021-08-11 00:40:00,754 DEBUG    https://geocode-maps.yandex.ru:443 "GET /1.x/?format=json&apikey=43c7e76d-3153-490e-b25f-72f105c21c74&geocode=Yaruqu%C3%AD HTTP/1.1" 200 716
2021-08-11 00:40:00,761 INFO      Google Maps link, https://www.google.com.ec/maps/dir/55.571999,37.668911/-7.215219,35.119151/@55.571999,37.668911,11z/
2021-08-11 00:40:00,763 INFO     ··································································
2021-08-11 00:40:00,765 INFO     127.0.0.1 - - [11/Aug/2021 00:40:00] "GET /getDistanceFromMoscou/Yaruquí/ HTTP/1.1" 200 -
2021-08-11 00:41:48,331 DEBUG    Starting new HTTPS connection (1): geocode-maps.yandex.ru:443
2021-08-11 00:41:50,494 DEBUG    https://geocode-maps.yandex.ru:443 "GET /1.x/?format=json&apikey=43c7e76d-3153-490e-b25f-72f105c21c74&geocode=HOSPITAL+DE+YARUQUI%2C+VIA+INTEROCEANICA+Y%2C+Av.+Eloy+Alfaro%2C+Quito HTTP/1.1" 200 211
2021-08-11 00:41:50,497 INFO     127.0.0.1 - - [11/Aug/2021 00:41:50] "GET /getDistanceFromMoscou/HOSPITAL%20DE%20YARUQUI,%20VIA%20INTEROCEANICA%20Y,%20Av.%20Eloy%20Alfaro,%20Quito/ HTTP/1.1" 200 -
2021-08-11 00:42:17,127 INFO     127.0.0.1 - - [11/Aug/2021 00:42:17] "[33mGET /getDistanceFromMoscou/Aeropuerto%20Internacional%20Mariscal%20Sucre,%20Nuevo%20Aeropuerto%20Internacional%20de%20Quito%20Tababela%20S/N%20-%20Via,%20Quito%20170907/ HTTP/1.1[0m" 404 -
2021-08-11 00:42:17,481 INFO     127.0.0.1 - - [11/Aug/2021 00:42:17] "[33mGET /favicon.ico HTTP/1.1[0m" 404 -
2021-08-11 00:42:33,646 DEBUG    Starting new HTTPS connection (1): geocode-maps.yandex.ru:443
2021-08-11 00:42:34,795 DEBUG    https://geocode-maps.yandex.ru:443 "GET /1.x/?format=json&apikey=43c7e76d-3153-490e-b25f-72f105c21c74&geocode=Aeropuerto+Internacional+Mariscal+Sucre%2C+Nuevo+Aeropuerto+Internacional+de+Quito+Tababela++-+Via%2C+Quito+170907 HTTP/1.1" 200 257
2021-08-11 00:42:34,799 INFO     127.0.0.1 - - [11/Aug/2021 00:42:34] "GET /getDistanceFromMoscou/Aeropuerto%20Internacional%20Mariscal%20Sucre,%20Nuevo%20Aeropuerto%20Internacional%20de%20Quito%20Tababela%20%20-%20Via,%20Quito%20170907/ HTTP/1.1" 200 -
2021-08-11 00:42:49,351 DEBUG    Starting new HTTPS connection (1): geocode-maps.yandex.ru:443
2021-08-11 00:42:50,369 DEBUG    https://geocode-maps.yandex.ru:443 "GET /1.x/?format=json&apikey=43c7e76d-3153-490e-b25f-72f105c21c74&geocode=Quito+Tababela++-+Via%2C+Quito+170907 HTTP/1.1" 200 182
2021-08-11 00:42:50,371 INFO     127.0.0.1 - - [11/Aug/2021 00:42:50] "GET /getDistanceFromMoscou/Quito%20Tababela%20%20-%20Via,%20Quito%20170907/ HTTP/1.1" 200 -
2021-08-11 00:43:13,497 INFO      * Detected change in '/home/b4n1/get_distance_from_geo_yandex_api_using_flask/apps/geo_routes.py', reloading
2021-08-11 00:43:13,629 INFO      * Restarting with stat
2021-08-11 00:43:38,606 WARNING   * Debugger is active!
2021-08-11 00:43:38,829 INFO      * Debugger PIN: 181-741-495
2021-08-14 00:56:05,505 INFO      * Running on http://127.0.0.1:5000/ (Press CTRL+C to quit)
2021-08-14 00:56:05,538 INFO      * Restarting with stat
2021-08-14 00:56:05,825 WARNING   * Debugger is active!
2021-08-14 00:56:05,827 INFO      * Debugger PIN: 181-741-495
2021-08-14 00:57:15,733 INFO      * Detected change in '/home/b4n1/get_distance_from_geo_yandex_api_using_flask/apps/geo_routes.py', reloading
2021-08-14 00:57:15,795 INFO      * Restarting with stat
2021-08-14 00:57:16,139 WARNING   * Debugger is active!
2021-08-14 00:57:16,140 INFO      * Debugger PIN: 181-741-495
2021-08-14 00:57:17,729 INFO      * Detected change in '/home/b4n1/get_distance_from_geo_yandex_api_using_flask/apps/geo_routes.py', reloading
2021-08-14 00:57:17,787 INFO      * Restarting with stat
2021-08-14 00:57:18,086 WARNING   * Debugger is active!
2021-08-14 00:57:18,088 INFO      * Debugger PIN: 181-741-495
2021-08-14 00:57:41,428 INFO      * Detected change in '/home/b4n1/get_distance_from_geo_yandex_api_using_flask/apps/geo_routes.py', reloading
2021-08-14 00:57:41,489 INFO      * Restarting with stat
2021-08-14 00:57:41,778 WARNING   * Debugger is active!
2021-08-14 00:57:41,778 INFO      * Debugger PIN: 181-741-495
2021-08-14 00:57:49,416 INFO      * Detected change in '/home/b4n1/get_distance_from_geo_yandex_api_using_flask/apps/geo_routes.py', reloading
2021-08-14 00:57:49,473 INFO      * Restarting with stat
2021-08-14 00:57:49,782 WARNING   * Debugger is active!
2021-08-14 00:57:49,783 INFO      * Debugger PIN: 181-741-495
2021-08-14 00:58:03,420 INFO      * Detected change in '/home/b4n1/get_distance_from_geo_yandex_api_using_flask/apps/geo_routes.py', reloading
2021-08-14 00:58:03,487 INFO      * Restarting with stat
2021-08-14 00:58:03,774 WARNING   * Debugger is active!
2021-08-14 00:58:03,774 INFO      * Debugger PIN: 181-741-495
2021-08-14 00:58:04,160 INFO      * Detected change in '/home/b4n1/get_distance_from_geo_yandex_api_using_flask/apps/geo_routes.py', reloading
2021-08-14 00:58:04,218 INFO      * Restarting with stat
2021-08-14 00:58:04,499 WARNING   * Debugger is active!
2021-08-14 00:58:04,500 INFO      * Debugger PIN: 181-741-495
2021-08-14 00:58:13,323 INFO      * Detected change in '/home/b4n1/get_distance_from_geo_yandex_api_using_flask/apps/geo_routes.py', reloading
2021-08-14 00:58:13,382 INFO      * Restarting with stat
2021-08-14 00:58:13,683 WARNING   * Debugger is active!
2021-08-14 00:58:13,684 INFO      * Debugger PIN: 181-741-495
2021-08-14 01:00:17,032 INFO      * Detected change in '/home/b4n1/get_distance_from_geo_yandex_api_using_flask/apps/geo_routes.py', reloading
2021-08-14 01:00:17,093 INFO      * Restarting with stat
2021-08-14 01:00:17,395 WARNING   * Debugger is active!
2021-08-14 01:00:17,396 INFO      * Debugger PIN: 181-741-495
2021-08-14 01:00:17,795 INFO      * Detected change in '/home/b4n1/get_distance_from_geo_yandex_api_using_flask/apps/geo_routes.py', reloading
2021-08-14 01:00:17,860 INFO      * Restarting with stat
2021-08-14 01:00:18,169 WARNING   * Debugger is active!
2021-08-14 01:00:18,170 INFO      * Debugger PIN: 181-741-495
2021-08-14 01:00:54,777 INFO      * Detected change in '/home/b4n1/get_distance_from_geo_yandex_api_using_flask/apps/geo_routes.py', reloading
2021-08-14 01:00:54,838 INFO      * Restarting with stat
2021-08-14 01:00:55,131 WARNING   * Debugger is active!
2021-08-14 01:00:55,132 INFO      * Debugger PIN: 181-741-495
2021-08-14 01:00:55,504 INFO      * Detected change in '/home/b4n1/get_distance_from_geo_yandex_api_using_flask/apps/geo_routes.py', reloading
2021-08-14 01:00:55,563 INFO      * Restarting with stat
2021-08-14 01:00:55,857 WARNING   * Debugger is active!
2021-08-14 01:00:55,858 INFO      * Debugger PIN: 181-741-495
2021-08-14 01:00:57,454 INFO      * Detected change in '/home/b4n1/get_distance_from_geo_yandex_api_using_flask/apps/geo_routes.py', reloading
2021-08-14 01:00:57,514 INFO      * Restarting with stat
2021-08-14 01:00:57,799 WARNING   * Debugger is active!
2021-08-14 01:00:57,799 INFO      * Debugger PIN: 181-741-495
2021-08-14 01:01:04,200 INFO      * Detected change in '/home/b4n1/get_distance_from_geo_yandex_api_using_flask/apps/geo_routes.py', reloading
2021-08-14 01:01:04,258 INFO      * Restarting with stat
2021-08-14 01:01:04,543 WARNING   * Debugger is active!
2021-08-14 01:01:04,543 INFO      * Debugger PIN: 181-741-495
2021-08-14 01:01:56,805 INFO      * Detected change in '/home/b4n1/get_distance_from_geo_yandex_api_using_flask/apps/geo_routes.py', reloading
2021-08-14 01:01:56,869 INFO      * Restarting with stat
2021-08-14 01:01:57,198 WARNING   * Debugger is active!
2021-08-14 01:01:57,200 INFO      * Debugger PIN: 181-741-495
